[2026-01-30 14:51:05] [INFO] 开始健康检查...
[2026-01-30 14:51:05] [WARN] 服务降级 (HTTP 503, Retry 1/3)
[2026-01-30 14:51:10] [WARN] 服务降级 (HTTP 503, Retry 2/3)
[2026-01-30 14:51:15] [WARN] 服务降级 (HTTP 503, Retry 3/3)
[2026-01-30 14:51:15] [ERROR] 健康检查失败，准备重启服务
[2026-01-30 14:51:15] [ALERT] LIMS 服务健康检查失败（连续 3 次），正在自动重启
[2026-01-30 14:51:15] [ACTION] 正在重启服务...
Use --update-env to update environment variables
[PM2] Applying action restartProcessId on app [lims-next](ids: [ 0 ])
[PM2] [lims-next](0) ✓
┌────┬──────────────┬─────────────┬─────────┬─────────┬──────────┬────────┬──────┬───────────┬──────────┬──────────┬──────────┬──────────┐
│ id │ name         │ namespace   │ version │ mode    │ pid      │ uptime │ ↺    │ status    │ cpu      │ mem      │ user     │ watching │
├────┼──────────────┼─────────────┼─────────┼─────────┼──────────┼────────┼──────┼───────────┼──────────┼──────────┼──────────┼──────────┤
│ 0  │ lims-next    │ default     │ 15.1.0  │ fork    │ 45751    │ 0s     │ 3    │ online    │ 0%       │ 1.5mb    │ wangpeng │ disabled │
└────┴──────────────┴─────────────┴─────────┴─────────┴──────────┴────────┴──────┴───────────┴──────────┴──────────┴──────────┴──────────┘
[2026-01-30 14:51:20] [OK] 服务重启成功
[2026-01-30 14:51:20] [ALERT] LIMS 服务已自动重启（健康检查失败后恢复）
[2026-01-30 14:51:30] [WARN] 服务降级 (HTTP 503, Retry 1/3)
[2026-01-30 14:51:35] [WARN] 服务降级 (HTTP 503, Retry 2/3)
[2026-01-30 14:51:40] [WARN] 服务降级 (HTTP 503, Retry 3/3)
[2026-01-30 14:51:40] [ERROR] 服务重启后仍然异常
[2026-01-30 14:51:40] [ALERT] LIMS 服务重启失败，需要人工介入
[2026-01-30 14:51:40] [ERROR] 服务恢复失败，需要人工介入
